<?xml version="1.0" encoding="UTF-8"?>
<!-- Generated by org.testng.reporters.JUnitXMLReporter -->
<testsuite hostname="User" ignored="0" name="Test" tests="3" failures="3" timestamp="2022-09-29T09:58:19 IST" time="33.095" errors="0">
  <testcase name="verifyMsgAfterLogout" time="0.052" classname="com.logbinary.onzway.LoginPage">
    <failure type="java.lang.NullPointerException">
      <![CDATA[java.lang.NullPointerException
at com.logbinary.onzway.LoginPage.verifyMsgAfterLogout(LoginPage.java:53)
at java.util.ArrayList.forEach(ArrayList.java:1249)
... Removed 27 stack frames]]>
    </failure>
  </testcase> <!-- verifyMsgAfterLogout -->
  <testcase name="verifyWithBlankUnamePassTest" time="0.002" classname="com.logbinary.onzway.LoginPage">
    <failure type="java.lang.NullPointerException">
      <![CDATA[java.lang.NullPointerException
at com.logbinary.onzway.LoginPage.verifyWithBlankUnamePassTest(LoginPage.java:41)
at java.util.ArrayList.forEach(ArrayList.java:1249)
... Removed 27 stack frames]]>
    </failure>
  </testcase> <!-- verifyWithBlankUnamePassTest -->
  <testcase name="verifyWithValidUnamePassTest" time="0.003" classname="com.logbinary.onzway.LoginPage">
    <failure type="java.lang.NullPointerException">
      <![CDATA[java.lang.NullPointerException
at com.logbinary.onzway.LoginPage.verifyWithValidUnamePassTest(LoginPage.java:29)
at java.util.ArrayList.forEach(ArrayList.java:1249)
... Removed 27 stack frames]]>
    </failure>
  </testcase> <!-- verifyWithValidUnamePassTest -->
</testsuite> <!-- Test -->
